Build started 11/15/2015 2:01:22 PM.
     1>Project "c:\Users\toooooooo\documents\visual studio 2010\Projects\abc\abc\abc.vcxproj" on node 2 (build target(s)).
     1>InitializeBuildStatus:
         Touching "Debug\abc.unsuccessfulbuild".
       ClCompile:
         C:\Program Files (x86)\Microsoft Visual Studio 10.0\VC\bin\CL.exe /c /ZI /nologo /W3 /WX- /Od /Oy- /D WIN32 /D _DEBUG /D _CONSOLE /D _UNICODE /D UNICODE /Gm /EHsc /RTC1 /MDd /GS /fp:precise /Zc:wchar_t /Zc:forScope /Fo"Debug\\" /Fd"Debug\vc100.pdb" /Gd /TP /analyze- /errorReport:prompt ccc.cpp
         ccc.cpp
     1>c:\users\toooooooo\documents\visual studio 2010\projects\abc\abc\ccc.cpp(52): error C4430: missing type specifier - int assumed. Note: C++ does not support default-int
     1>c:\users\toooooooo\documents\visual studio 2010\projects\abc\abc\ccc.cpp(650): warning C4553: '==' : operator has no effect; did you intend '='?
     1>c:\users\toooooooo\documents\visual studio 2010\projects\abc\abc\ccc.cpp(669): warning C4553: '==' : operator has no effect; did you intend '='?
     1>c:\users\toooooooo\documents\visual studio 2010\projects\abc\abc\ccc.cpp(683): warning C4553: '==' : operator has no effect; did you intend '='?
     1>c:\users\toooooooo\documents\visual studio 2010\projects\abc\abc\ccc.cpp(739): warning C4553: '==' : operator has no effect; did you intend '='?
     1>c:\users\toooooooo\documents\visual studio 2010\projects\abc\abc\ccc.cpp(789): warning C4553: '==' : operator has no effect; did you intend '='?
     1>c:\users\toooooooo\documents\visual studio 2010\projects\abc\abc\ccc.cpp(804): warning C4553: '==' : operator has no effect; did you intend '='?
     1>Done Building Project "c:\Users\toooooooo\documents\visual studio 2010\Projects\abc\abc\abc.vcxproj" (build target(s)) -- FAILED.

Build FAILED.

Time Elapsed 00:00:00.28
